<?xml version="1.0" ?>
<testsuite errors="0" failures="0" name="test.TestStringMethods-20181226215642" tests="1" time="0.000">
	<testcase classname="test.TestStringMethods" name="test_upper" time="0.000"/>
	<system-out>
<![CDATA[]]>	</system-out>
	<system-err>
<![CDATA[]]>	</system-err>
</testsuite>
